\BOOKMARK [0][-]{chapter.1}{\376\377\176\352\213\272}{}% 1
\BOOKMARK [1][-]{section.1.1}{\376\377\117\134\116\072\213\276\213\241\133\371\214\141\166\204\142\030\147\057\133\374\137\071}{chapter.1}% 2
\BOOKMARK [2][-]{subsection.1.1.1}{\376\377\142\030\147\057\133\374\137\071\166\204\162\171\160\271}{section.1.1}% 3
\BOOKMARK [2][-]{subsection.1.1.2}{\376\377\142\030\147\057\133\374\137\071\170\024\122\066\217\307\172\013}{section.1.1}% 4
\BOOKMARK [2][-]{subsection.1.1.3}{\376\377\133\374\137\071\140\073\117\123\213\276\213\241}{section.1.1}% 5
\BOOKMARK [2][-]{subsection.1.1.4}{\376\377\140\073\117\123\213\276\213\241\135\345\117\134\121\205\133\271}{section.1.1}% 6
\BOOKMARK [0][-]{chapter.2}{\376\377\142\030\147\057\133\374\137\071\142\030\147\057\142\200\147\057\211\201\154\102\122\006\147\220}{}% 7
\BOOKMARK [1][-]{section.2.1}{\376\377\142\030\147\057\142\200\147\057\211\201\154\102\166\204\121\205\133\271}{chapter.2}% 8
\BOOKMARK [0][-]{chapter.3}{\376\377\142\030\147\057\133\374\137\071\140\073\117\123\145\271\150\110\213\276\213\241\153\145\232\244\116\345\123\312\145\160\143\156\155\101\173\241\164\006}{}% 9
\BOOKMARK [1][-]{section.3.1}{\376\377\142\030\147\057\133\374\137\071\140\073\117\123\145\271\150\110\213\276\213\241\162\171\160\271}{chapter.3}% 10
\BOOKMARK [1][-]{section.3.2}{\376\377\142\030\147\057\133\374\137\071\140\073\117\123\145\271\150\110\213\276\213\241}{chapter.3}% 11
\BOOKMARK [0][-]{chapter.4}{\376\377\133\374\137\071\140\073\117\123\123\302\145\160\213\276\213\241}{}% 12
\BOOKMARK [1][-]{section.4.1}{\376\377\215\167\230\336\215\050\221\317\213\276\213\241\166\204\176\246\147\137}{chapter.4}% 13
\BOOKMARK [1][-]{section.4.2}{\376\377\215\167\230\336\215\050\221\317\213\276\213\241\166\204\145\160\133\146\152\041\127\213}{chapter.4}% 14
\BOOKMARK [1][-]{section.4.3}{\376\377\121\167\147\011\147\053\172\357\176\246\147\137\166\204\133\374\137\071\215\167\230\336\215\050\221\317\166\204\166\204\131\004\164\006}{chapter.4}% 15
\BOOKMARK [0][-]{chapter.5}{\376\377\133\374\137\071\131\026\137\142\213\276\213\241}{}% 16
\BOOKMARK [1][-]{section.5.1}{\376\377\140\073\117\123\213\276\213\241\116\016\154\024\122\250\131\026\137\142\213\276\213\241\166\204\121\163\174\373}{chapter.5}% 17
\BOOKMARK [2][-]{subsection.5.1.1}{\376\377\131\026\137\142\116\016\147\072\122\250\140\047}{section.5.1}% 18
\BOOKMARK [2][-]{subsection.5.1.2}{\376\377\131\026\137\142\116\016\215\167\131\313\215\050\221\317}{section.5.1}% 19
\BOOKMARK [1][-]{section.5.2}{\376\377\154\024\122\250\131\026\137\142\213\276\213\241\166\204\116\073\211\201\211\201\154\102}{chapter.5}% 20
\BOOKMARK [1][-]{section.5.3}{\376\377\154\024\122\250\136\003\134\100\137\142\137\017}{chapter.5}% 21
\BOOKMARK [2][-]{subsection.5.3.1}{\376\377\143\011\124\150\124\021\221\115\177\156\137\142\137\017\122\006\174\173}{section.5.3}% 22
\BOOKMARK [2][-]{subsection.5.3.2}{\376\377\143\011\176\265\124\021\221\115\177\156\137\142\137\017\122\006\174\173}{section.5.3}% 23
\BOOKMARK [1][-]{section.5.4}{\376\377\131\026\137\142\121\340\117\125\123\302\145\160\220\011\142\351}{chapter.5}% 24
\BOOKMARK [2][-]{subsection.5.4.1}{\376\377\137\071\177\374\213\276\213\241}{section.5.4}% 25
\BOOKMARK [2][-]{subsection.5.4.2}{\376\377\202\065\227\142\166\204\134\072\133\370}{section.5.4}% 26
\BOOKMARK [2][-]{subsection.5.4.3}{\376\377\137\071\216\253\121\340\117\125\123\302\145\160}{section.5.4}% 27
\BOOKMARK [0][-]{chapter.6}{\376\377\133\374\137\071\220\350\117\115\133\211\143\222\213\276\213\241}{}% 28
\BOOKMARK [0][-]{chapter.7}{\376\377\133\374\137\025\137\071\220\123\122\006\147\220}{}% 29
\BOOKMARK [0][-]{chapter.8}{\376\377\142\030\147\057\133\374\137\071\122\250\122\233\133\146\136\372\152\041\116\345\123\312\122\250\122\233\133\146\162\171\140\047\122\006\147\220}{}% 30
\BOOKMARK [1][-]{section.8.1}{\376\377\133\374\137\071\122\250\122\233\133\146\117\040\220\022\121\375\145\160}{chapter.8}% 31
\BOOKMARK [1][-]{section.8.2}{\376\377\133\374\137\071\122\250\122\233\133\146\0008\116\052\162\171\160\271}{chapter.8}% 32
\BOOKMARK [1][-]{section.8.3}{\376\377\162\266\140\001\172\172\225\364\210\150\217\276\137\017\116\013\166\204\137\071\117\123\122\250\122\233\133\146}{chapter.8}% 33
\BOOKMARK [2][-]{subsection.8.3.1}{\376\377\162\266\140\001\172\172\225\364}{section.8.3}% 34
\BOOKMARK [1][-]{section.8.4}{\376\377\133\374\137\071\176\277\140\047\122\006\137\017\123\330\143\142\152\041\127\213}{chapter.8}% 35
